The Dart VM service is listening on http://127.0.0.1:57141/CNeX6M6-A8E=/
The Dart DevTools debugger and profiler is available at: http://127.0.0.1:57141/CNeX6M6-A8E=/devtools/#/?uri=ws%3A%2F%2F127.0.0.1%3A57141%2FCNeX6M6-A8E%3D%2Fws
[custom_lint] 2023-04-19T10:47:52.651881 lib/custom_lint_client.dart:4:8: Error: Error when reading '/Users/baobui/Documents/Bao/ninja_core/my_awesome_lints/lib/my_awesome_lints.dart': No such file or directory
[custom_lint] 2023-04-19T10:47:52.651881 import 'package:my_awesome_lints/my_awesome_lints.dart' as my_awesome_lints;
[custom_lint] 2023-04-19T10:47:52.651881        ^
[custom_lint] 2023-04-19T10:47:52.651881 lib/custom_lint_client.dart:13:43: Error: Undefined name 'createPlugin'.
[custom_lint] 2023-04-19T10:47:52.651881     {'my_awesome_lints': my_awesome_lints.createPlugin,
[custom_lint] 2023-04-19T10:47:52.651881                                           ^^^^^^^^^^^^
[custom_lint] 2023-04-19T10:47:52.651881
[custom_lint] 2023-04-19T10:47:52.651881
Failed to start pluginsThe request analysis.setContextRoots failed with the following error:
RequestErrorCode.PLUGIN_ERROR
Bad state: Failed to start the plugins.
at:
#0      SocketCustomLintServerToClientChannel._checkInitializationFail.<anonymous closure> (package:custom_lint/src/v2/server_to_client_channel.dart:227:11)
<asynchronous suspension>
#1      Future.any.onValue (dart:async/future.dart:612:5)
<asynchronous suspension>

The Dart VM service is listening on http://127.0.0.1:57579/l86xVWu4Y6o=/
The Dart DevTools debugger and profiler is available at: http://127.0.0.1:57579/l86xVWu4Y6o=/devtools/#/?uri=ws%3A%2F%2F127.0.0.1%3A57579%2Fl86xVWu4Y6o%3D%2Fws
[custom_lint] 2023-04-19T10:53:58.731909 lib/custom_lint_client.dart:4:8: Error: Error when reading '/Users/baobui/Documents/Bao/ninja_core/my_awesome_lints/lib/my_awesome_lints.dart': No such file or directory
[custom_lint] 2023-04-19T10:53:58.731909 import 'package:my_awesome_lints/my_awesome_lints.dart' as my_awesome_lints;
[custom_lint] 2023-04-19T10:53:58.731909        ^
[custom_lint] 2023-04-19T10:53:58.731909 lib/custom_lint_client.dart:13:43: Error: Undefined name 'createPlugin'.
[custom_lint] 2023-04-19T10:53:58.731909     {'my_awesome_lints': my_awesome_lints.createPlugin,
[custom_lint] 2023-04-19T10:53:58.731909                                           ^^^^^^^^^^^^
[custom_lint] 2023-04-19T10:53:58.731909
[custom_lint] 2023-04-19T10:53:58.731909
Failed to start pluginsThe request analysis.setContextRoots failed with the following error:
RequestErrorCode.PLUGIN_ERROR
Bad state: Failed to start the plugins.
at:
#0      SocketCustomLintServerToClientChannel._checkInitializationFail.<anonymous closure> (package:custom_lint/src/v2/server_to_client_channel.dart:227:11)
<asynchronous suspension>
#1      Future.any.onValue (dart:async/future.dart:612:5)
<asynchronous suspension>

The Dart VM service is listening on http://127.0.0.1:57709/vZY6mWYhh58=/
The Dart DevTools debugger and profiler is available at: http://127.0.0.1:57709/vZY6mWYhh58=/devtools/#/?uri=ws%3A%2F%2F127.0.0.1%3A57709%2FvZY6mWYhh58%3D%2Fws
The Dart VM service is listening on http://127.0.0.1:57780/tI56YWrS4wA=/
The Dart DevTools debugger and profiler is available at: http://127.0.0.1:57780/tI56YWrS4wA=/devtools/#/?uri=ws%3A%2F%2F127.0.0.1%3A57780%2FtI56YWrS4wA%3D%2Fws
[custom_lint] 2023-04-19T10:54:42.605720 lib/custom_lint_client.dart:4:8: Error: Error when reading '/Users/baobui/Documents/Bao/ninja_core/my_awesome_lints/lib/my_awesome_lints.dart': No such file or directory
[custom_lint] 2023-04-19T10:54:42.605720 import 'package:my_awesome_lints/my_awesome_lints.dart' as my_awesome_lints;
[custom_lint] 2023-04-19T10:54:42.605720        ^
[custom_lint] 2023-04-19T10:54:42.605720 lib/custom_lint_client.dart:13:43: Error: Undefined name 'createPlugin'.
[custom_lint] 2023-04-19T10:54:42.605720     {'my_awesome_lints': my_awesome_lints.createPlugin,
[custom_lint] 2023-04-19T10:54:42.605720                                           ^^^^^^^^^^^^
[custom_lint] 2023-04-19T10:54:42.605720
[custom_lint] 2023-04-19T10:54:42.605720
Failed to start pluginsThe request analysis.setContextRoots failed with the following error:
RequestErrorCode.PLUGIN_ERROR
Bad state: Failed to start the plugins.
at:
#0      SocketCustomLintServerToClientChannel._checkInitializationFail.<anonymous closure> (package:custom_lint/src/v2/server_to_client_channel.dart:227:11)
<asynchronous suspension>
#1      Future.any.onValue (dart:async/future.dart:612:5)
<asynchronous suspension>

The Dart VM service is listening on http://127.0.0.1:58254/s7d4ObudzmM=/
The Dart DevTools debugger and profiler is available at: http://127.0.0.1:58254/s7d4ObudzmM=/devtools/#/?uri=ws%3A%2F%2F127.0.0.1%3A58254%2Fs7d4ObudzmM%3D%2Fws
[custom_lint] 2023-04-19T11:00:52.365846 lib/custom_lint_client.dart:4:8: Error: Error when reading '/Users/baobui/Documents/Bao/ninja_core/my_awesome_lints/lib/my_awesome_lints.dart': No such file or directory
[custom_lint] 2023-04-19T11:00:52.365846 import 'package:my_awesome_lints/my_awesome_lints.dart' as my_awesome_lints;
[custom_lint] 2023-04-19T11:00:52.365846        ^
[custom_lint] 2023-04-19T11:00:52.365846 lib/custom_lint_client.dart:13:43: Error: Undefined name 'createPlugin'.
[custom_lint] 2023-04-19T11:00:52.365846     {'my_awesome_lints': my_awesome_lints.createPlugin,
[custom_lint] 2023-04-19T11:00:52.365846                                           ^^^^^^^^^^^^
[custom_lint] 2023-04-19T11:00:52.365846
[custom_lint] 2023-04-19T11:00:52.365846
Failed to start pluginsThe request analysis.setContextRoots failed with the following error:
RequestErrorCode.PLUGIN_ERROR
Bad state: Failed to start the plugins.
at:
#0      SocketCustomLintServerToClientChannel._checkInitializationFail.<anonymous closure> (package:custom_lint/src/v2/server_to_client_channel.dart:227:11)
<asynchronous suspension>
#1      Future.any.onValue (dart:async/future.dart:612:5)
<asynchronous suspension>

The Dart VM service is listening on http://127.0.0.1:58311/KpbDfeztFKQ=/
The Dart DevTools debugger and profiler is available at: http://127.0.0.1:58311/KpbDfeztFKQ=/devtools/#/?uri=ws%3A%2F%2F127.0.0.1%3A58311%2FKpbDfeztFKQ%3D%2Fws
[custom_lint] 2023-04-19T11:01:19.894454 lib/custom_lint_client.dart:4:8: Error: Error when reading '/Users/baobui/Documents/Bao/ninja_core/my_awesome_lints/lib/my_awesome_lints.dart': No such file or directory
[custom_lint] 2023-04-19T11:01:19.894454 import 'package:my_awesome_lints/my_awesome_lints.dart' as my_awesome_lints;
[custom_lint] 2023-04-19T11:01:19.894454        ^
[custom_lint] 2023-04-19T11:01:19.894454 lib/custom_lint_client.dart:13:43: Error: Undefined name 'createPlugin'.
[custom_lint] 2023-04-19T11:01:19.894454     {'my_awesome_lints': my_awesome_lints.createPlugin,
[custom_lint] 2023-04-19T11:01:19.894454                                           ^^^^^^^^^^^^
[custom_lint] 2023-04-19T11:01:19.894454
[custom_lint] 2023-04-19T11:01:19.894454
Failed to start pluginsThe request analysis.setContextRoots failed with the following error:
RequestErrorCode.PLUGIN_ERROR
Bad state: Failed to start the plugins.
at:
#0      SocketCustomLintServerToClientChannel._checkInitializationFail.<anonymous closure> (package:custom_lint/src/v2/server_to_client_channel.dart:227:11)
<asynchronous suspension>
#1      Future.any.onValue (dart:async/future.dart:612:5)
<asynchronous suspension>

The Dart VM service is listening on http://127.0.0.1:58360/IzjyCInNs8Q=/
The Dart DevTools debugger and profiler is available at: http://127.0.0.1:58360/IzjyCInNs8Q=/devtools/#/?uri=ws%3A%2F%2F127.0.0.1%3A58360%2FIzjyCInNs8Q%3D%2Fws
[custom_lint] 2023-04-19T11:01:36.954471 lib/custom_lint_client.dart:4:8: Error: Error when reading '/Users/baobui/Documents/Bao/ninja_core/my_awesome_lints/lib/my_awesome_lints.dart': No such file or directory
[custom_lint] 2023-04-19T11:01:36.954471 import 'package:my_awesome_lints/my_awesome_lints.dart' as my_awesome_lints;
[custom_lint] 2023-04-19T11:01:36.954471        ^
[custom_lint] 2023-04-19T11:01:36.954471 lib/custom_lint_client.dart:13:43: Error: Undefined name 'createPlugin'.
[custom_lint] 2023-04-19T11:01:36.954471     {'my_awesome_lints': my_awesome_lints.createPlugin,
[custom_lint] 2023-04-19T11:01:36.954471                                           ^^^^^^^^^^^^
[custom_lint] 2023-04-19T11:01:36.954471
[custom_lint] 2023-04-19T11:01:36.954471
Failed to start pluginsThe request analysis.setContextRoots failed with the following error:
RequestErrorCode.PLUGIN_ERROR
Bad state: Failed to start the plugins.
at:
#0      SocketCustomLintServerToClientChannel._checkInitializationFail.<anonymous closure> (package:custom_lint/src/v2/server_to_client_channel.dart:227:11)
<asynchronous suspension>
#1      Future.any.onValue (dart:async/future.dart:612:5)
<asynchronous suspension>

The Dart VM service is listening on http://127.0.0.1:58460/LWznXjYWd48=/
The Dart DevTools debugger and profiler is available at: http://127.0.0.1:58460/LWznXjYWd48=/devtools/#/?uri=ws%3A%2F%2F127.0.0.1%3A58460%2FLWznXjYWd48%3D%2Fws
[custom_lint] 2023-04-19T11:02:37.704441 lib/custom_lint_client.dart:4:8: Error: Error when reading '/Users/baobui/Documents/Bao/ninja_core/my_awesome_lints/lib/my_awesome_lints.dart': No such file or directory
[custom_lint] 2023-04-19T11:02:37.704441 import 'package:my_awesome_lints/my_awesome_lints.dart' as my_awesome_lints;
[custom_lint] 2023-04-19T11:02:37.704441        ^
[custom_lint] 2023-04-19T11:02:37.704441 lib/custom_lint_client.dart:13:43: Error: Undefined name 'createPlugin'.
[custom_lint] 2023-04-19T11:02:37.704441     {'my_awesome_lints': my_awesome_lints.createPlugin,
[custom_lint] 2023-04-19T11:02:37.704441                                           ^^^^^^^^^^^^
[custom_lint] 2023-04-19T11:02:37.704441
[custom_lint] 2023-04-19T11:02:37.704441
Failed to start pluginsThe request analysis.setContextRoots failed with the following error:
RequestErrorCode.PLUGIN_ERROR
Bad state: Failed to start the plugins.
at:
#0      SocketCustomLintServerToClientChannel._checkInitializationFail.<anonymous closure> (package:custom_lint/src/v2/server_to_client_channel.dart:227:11)
<asynchronous suspension>
#1      Future.any.onValue (dart:async/future.dart:612:5)
<asynchronous suspension>

The Dart VM service is listening on http://127.0.0.1:58666/GfoyyChvz4c=/
The Dart DevTools debugger and profiler is available at: http://127.0.0.1:58666/GfoyyChvz4c=/devtools/#/?uri=ws%3A%2F%2F127.0.0.1%3A58666%2FGfoyyChvz4c%3D%2Fws
[custom_lint] 2023-04-19T11:05:28.957396 lib/custom_lint_client.dart:4:8: Error: Error when reading '/Users/baobui/Documents/Bao/ninja_core/my_awesome_lints/lib/my_awesome_lints.dart': No such file or directory
[custom_lint] 2023-04-19T11:05:28.957396 import 'package:my_awesome_lints/my_awesome_lints.dart' as my_awesome_lints;
[custom_lint] 2023-04-19T11:05:28.957396        ^
[custom_lint] 2023-04-19T11:05:28.957396 lib/custom_lint_client.dart:13:43: Error: Undefined name 'createPlugin'.
[custom_lint] 2023-04-19T11:05:28.957396     {'my_awesome_lints': my_awesome_lints.createPlugin,
[custom_lint] 2023-04-19T11:05:28.957396                                           ^^^^^^^^^^^^
[custom_lint] 2023-04-19T11:05:28.957396
[custom_lint] 2023-04-19T11:05:28.957396
Failed to start pluginsThe request analysis.setContextRoots failed with the following error:
RequestErrorCode.PLUGIN_ERROR
Bad state: Failed to start the plugins.
at:
#0      SocketCustomLintServerToClientChannel._checkInitializationFail.<anonymous closure> (package:custom_lint/src/v2/server_to_client_channel.dart:227:11)
<asynchronous suspension>
#1      Future.any.onValue (dart:async/future.dart:612:5)
<asynchronous suspension>

[custom_lint] 2023-04-19T11:05:28.976150 _PrettyRequestFailure: {"code":"PLUGIN_ERROR","message":"Bad state: Failed to start the plugins.","stackTrace":"#0      SocketCustomLintServerToClientChannel._checkInitializationFail.<anonymous closure> (package:custom_lint/src/v2/server_to_client_channel.dart:227:11)\n<asynchronous suspension>\n#1      Future.any.onValue (dart:async/future.dart:612:5)\n<asynchronous suspension>\n"}
[custom_lint] 2023-04-19T11:05:28.976150 #0      ChannelBase.sendRequest (package:custom_lint/src/server_isolate_channel.dart:82:7)
[custom_lint] 2023-04-19T11:05:28.976150 <asynchronous suspension>
[custom_lint] 2023-04-19T11:05:28.976150 #1      CustomLintRunner.initialize.<anonymous closure> (package:custom_lint/src/runner.dart:51:5)
[custom_lint] 2023-04-19T11:05:28.976150 <asynchronous suspension>
[custom_lint] 2023-04-19T11:05:28.976150 #2      _runServer.<anonymous closure> (package:custom_lint/custom_lint.dart:82:7)
[custom_lint] 2023-04-19T11:05:28.976150 <asynchronous suspension>
[custom_lint] 2023-04-19T11:05:28.976150
The Dart VM service is listening on http://127.0.0.1:59356/G-3AAGs7L80=/
The Dart DevTools debugger and profiler is available at: http://127.0.0.1:59356/G-3AAGs7L80=/devtools/#/?uri=ws%3A%2F%2F127.0.0.1%3A59356%2FG-3AAGs7L80%3D%2Fws
[custom_lint] 2023-04-19T11:14:50.894530 lib/custom_lint_client.dart:4:8: Error: Error when reading '/Users/baobui/Documents/Bao/ninja_core/my_awesome_lints/lib/my_awesome_lints.dart': No such file or directory
[custom_lint] 2023-04-19T11:14:50.894530 import 'package:my_awesome_lints/my_awesome_lints.dart' as my_awesome_lints;
[custom_lint] 2023-04-19T11:14:50.894530        ^
[custom_lint] 2023-04-19T11:14:50.894530 lib/custom_lint_client.dart:13:43: Error: Undefined name 'createPlugin'.
[custom_lint] 2023-04-19T11:14:50.894530     {'my_awesome_lints': my_awesome_lints.createPlugin,
[custom_lint] 2023-04-19T11:14:50.894530                                           ^^^^^^^^^^^^
[custom_lint] 2023-04-19T11:14:50.894530
[custom_lint] 2023-04-19T11:14:50.894530
Failed to start pluginsThe request analysis.setContextRoots failed with the following error:
RequestErrorCode.PLUGIN_ERROR
Bad state: Failed to start the plugins.
at:
#0      SocketCustomLintServerToClientChannel._checkInitializationFail.<anonymous closure> (package:custom_lint/src/v2/server_to_client_channel.dart:227:11)
<asynchronous suspension>
#1      Future.any.onValue (dart:async/future.dart:612:5)
<asynchronous suspension>

The Dart VM service is listening on http://127.0.0.1:59484/UZYgZj2gV1Q=/
The Dart DevTools debugger and profiler is available at: http://127.0.0.1:59484/UZYgZj2gV1Q=/devtools/#/?uri=ws%3A%2F%2F127.0.0.1%3A59484%2FUZYgZj2gV1Q%3D%2Fws
The Dart VM service is listening on http://127.0.0.1:59490/3E2gLRAY9Rg=/
The Dart DevTools debugger and profiler is available at: http://127.0.0.1:59490/3E2gLRAY9Rg=/devtools/#/?uri=ws%3A%2F%2F127.0.0.1%3A59490%2F3E2gLRAY9Rg%3D%2Fws
[custom_lint] 2023-04-19T11:15:14.702437 lib/custom_lint_client.dart:4:8: Error: Error when reading '/Users/baobui/Documents/Bao/ninja_core/my_awesome_lints/lib/my_awesome_lints.dart': No such file or directory
[custom_lint] 2023-04-19T11:15:14.702437 import 'package:my_awesome_lints/my_awesome_lints.dart' as my_awesome_lints;
[custom_lint] 2023-04-19T11:15:14.702437        ^
[custom_lint] 2023-04-19T11:15:14.702437 lib/custom_lint_client.dart:13:43: Error: Undefined name 'createPlugin'.
[custom_lint] 2023-04-19T11:15:14.702437     {'my_awesome_lints': my_awesome_lints.createPlugin,
[custom_lint] 2023-04-19T11:15:14.702437                                           ^^^^^^^^^^^^
[custom_lint] 2023-04-19T11:15:14.702437
[custom_lint] 2023-04-19T11:15:14.702437
[custom_lint] 2023-04-19T11:15:15.096935 lib/custom_lint_client.dart:4:8: Error: Error when reading '/Users/baobui/Documents/Bao/ninja_core/my_awesome_lints/lib/my_awesome_lints.dart': No such file or directory
[custom_lint] 2023-04-19T11:15:15.096935 import 'package:my_awesome_lints/my_awesome_lints.dart' as my_awesome_lints;
[custom_lint] 2023-04-19T11:15:15.096935        ^
[custom_lint] 2023-04-19T11:15:15.096935 lib/custom_lint_client.dart:13:43: Error: Undefined name 'createPlugin'.
[custom_lint] 2023-04-19T11:15:15.096935     {'my_awesome_lints': my_awesome_lints.createPlugin,
[custom_lint] 2023-04-19T11:15:15.096935                                           ^^^^^^^^^^^^
[custom_lint] 2023-04-19T11:15:15.096935
[custom_lint] 2023-04-19T11:15:15.096935
Failed to start pluginsThe request analysis.setContextRoots failed with the following error:
RequestErrorCode.PLUGIN_ERROR
Bad state: Failed to start the plugins.
at:
#0      SocketCustomLintServerToClientChannel._checkInitializationFail.<anonymous closure> (package:custom_lint/src/v2/server_to_client_channel.dart:227:11)
<asynchronous suspension>
#1      Future.any.onValue (dart:async/future.dart:612:5)
<asynchronous suspension>

Failed to start pluginsThe request analysis.setContextRoots failed with the following error:
RequestErrorCode.PLUGIN_ERROR
Bad state: Failed to start the plugins.
at:
#0      SocketCustomLintServerToClientChannel._checkInitializationFail.<anonymous closure> (package:custom_lint/src/v2/server_to_client_channel.dart:227:11)
<asynchronous suspension>
#1      Future.any.onValue (dart:async/future.dart:612:5)
<asynchronous suspension>

The Dart VM service is listening on http://127.0.0.1:59725/8ls5BI2W1Oo=/
The Dart DevTools debugger and profiler is available at: http://127.0.0.1:59725/8ls5BI2W1Oo=/devtools/#/?uri=ws%3A%2F%2F127.0.0.1%3A59725%2F8ls5BI2W1Oo%3D%2Fws
[custom_lint] 2023-04-19T11:16:43.181577 lib/custom_lint_client.dart:4:8: Error: Error when reading '/Users/baobui/Documents/Bao/ninja_core/my_awesome_lints/lib/my_awesome_lints.dart': No such file or directory
[custom_lint] 2023-04-19T11:16:43.181577 import 'package:my_awesome_lints/my_awesome_lints.dart' as my_awesome_lints;
[custom_lint] 2023-04-19T11:16:43.181577        ^
[custom_lint] 2023-04-19T11:16:43.181577 lib/custom_lint_client.dart:13:43: Error: Undefined name 'createPlugin'.
[custom_lint] 2023-04-19T11:16:43.181577     {'my_awesome_lints': my_awesome_lints.createPlugin,
[custom_lint] 2023-04-19T11:16:43.181577                                           ^^^^^^^^^^^^
[custom_lint] 2023-04-19T11:16:43.181577
[custom_lint] 2023-04-19T11:16:43.181577
Failed to start pluginsThe request analysis.setContextRoots failed with the following error:
RequestErrorCode.PLUGIN_ERROR
Bad state: Failed to start the plugins.
at:
#0      SocketCustomLintServerToClientChannel._checkInitializationFail.<anonymous closure> (package:custom_lint/src/v2/server_to_client_channel.dart:227:11)
<asynchronous suspension>
#1      Future.any.onValue (dart:async/future.dart:612:5)
<asynchronous suspension>

The Dart VM service is listening on http://127.0.0.1:59800/5WQlKk29uDg=/
The Dart DevTools debugger and profiler is available at: http://127.0.0.1:59800/5WQlKk29uDg=/devtools/#/?uri=ws%3A%2F%2F127.0.0.1%3A59800%2F5WQlKk29uDg%3D%2Fws
[custom_lint] 2023-04-19T11:17:01.907613 lib/custom_lint_client.dart:4:8: Error: Error when reading '/Users/baobui/Documents/Bao/ninja_core/my_awesome_lints/lib/my_awesome_lints.dart': No such file or directory
[custom_lint] 2023-04-19T11:17:01.907613 import 'package:my_awesome_lints/my_awesome_lints.dart' as my_awesome_lints;
[custom_lint] 2023-04-19T11:17:01.907613        ^
[custom_lint] 2023-04-19T11:17:01.907613 lib/custom_lint_client.dart:13:43: Error: Undefined name 'createPlugin'.
[custom_lint] 2023-04-19T11:17:01.907613     {'my_awesome_lints': my_awesome_lints.createPlugin,
[custom_lint] 2023-04-19T11:17:01.907613                                           ^^^^^^^^^^^^
[custom_lint] 2023-04-19T11:17:01.907613
[custom_lint] 2023-04-19T11:17:01.907613
Failed to start pluginsThe request analysis.setContextRoots failed with the following error:
RequestErrorCode.PLUGIN_ERROR
Bad state: Failed to start the plugins.
at:
#0      SocketCustomLintServerToClientChannel._checkInitializationFail.<anonymous closure> (package:custom_lint/src/v2/server_to_client_channel.dart:227:11)
<asynchronous suspension>
#1      Future.any.onValue (dart:async/future.dart:612:5)
<asynchronous suspension>

