The Dart VM service is listening on http://127.0.0.1:58254/s7d4ObudzmM=/
The Dart DevTools debugger and profiler is available at: http://127.0.0.1:58254/s7d4ObudzmM=/devtools/#/?uri=ws%3A%2F%2F127.0.0.1%3A58254%2Fs7d4ObudzmM%3D%2Fws
[custom_lint] 2023-04-19T11:00:52.365846 lib/custom_lint_client.dart:4:8: Error: Error when reading '/Users/baobui/Documents/Bao/ninja_core/my_awesome_lints/lib/my_awesome_lints.dart': No such file or directory
[custom_lint] 2023-04-19T11:00:52.365846 import 'package:my_awesome_lints/my_awesome_lints.dart' as my_awesome_lints;
[custom_lint] 2023-04-19T11:00:52.365846        ^
[custom_lint] 2023-04-19T11:00:52.365846 lib/custom_lint_client.dart:13:43: Error: Undefined name 'createPlugin'.
[custom_lint] 2023-04-19T11:00:52.365846     {'my_awesome_lints': my_awesome_lints.createPlugin,
[custom_lint] 2023-04-19T11:00:52.365846                                           ^^^^^^^^^^^^
[custom_lint] 2023-04-19T11:00:52.365846
[custom_lint] 2023-04-19T11:00:52.365846
Failed to start pluginsThe request analysis.setContextRoots failed with the following error:
RequestErrorCode.PLUGIN_ERROR
Bad state: Failed to start the plugins.
at:
#0      SocketCustomLintServerToClientChannel._checkInitializationFail.<anonymous closure> (package:custom_lint/src/v2/server_to_client_channel.dart:227:11)
<asynchronous suspension>
#1      Future.any.onValue (dart:async/future.dart:612:5)
<asynchronous suspension>

The Dart VM service is listening on http://127.0.0.1:58311/KpbDfeztFKQ=/
The Dart DevTools debugger and profiler is available at: http://127.0.0.1:58311/KpbDfeztFKQ=/devtools/#/?uri=ws%3A%2F%2F127.0.0.1%3A58311%2FKpbDfeztFKQ%3D%2Fws
[custom_lint] 2023-04-19T11:01:19.894454 lib/custom_lint_client.dart:4:8: Error: Error when reading '/Users/baobui/Documents/Bao/ninja_core/my_awesome_lints/lib/my_awesome_lints.dart': No such file or directory
[custom_lint] 2023-04-19T11:01:19.894454 import 'package:my_awesome_lints/my_awesome_lints.dart' as my_awesome_lints;
[custom_lint] 2023-04-19T11:01:19.894454        ^
[custom_lint] 2023-04-19T11:01:19.894454 lib/custom_lint_client.dart:13:43: Error: Undefined name 'createPlugin'.
[custom_lint] 2023-04-19T11:01:19.894454     {'my_awesome_lints': my_awesome_lints.createPlugin,
[custom_lint] 2023-04-19T11:01:19.894454                                           ^^^^^^^^^^^^
[custom_lint] 2023-04-19T11:01:19.894454
[custom_lint] 2023-04-19T11:01:19.894454
Failed to start pluginsThe request analysis.setContextRoots failed with the following error:
RequestErrorCode.PLUGIN_ERROR
Bad state: Failed to start the plugins.
at:
#0      SocketCustomLintServerToClientChannel._checkInitializationFail.<anonymous closure> (package:custom_lint/src/v2/server_to_client_channel.dart:227:11)
<asynchronous suspension>
#1      Future.any.onValue (dart:async/future.dart:612:5)
<asynchronous suspension>

The Dart VM service is listening on http://127.0.0.1:58360/IzjyCInNs8Q=/
The Dart DevTools debugger and profiler is available at: http://127.0.0.1:58360/IzjyCInNs8Q=/devtools/#/?uri=ws%3A%2F%2F127.0.0.1%3A58360%2FIzjyCInNs8Q%3D%2Fws
[custom_lint] 2023-04-19T11:01:36.954471 lib/custom_lint_client.dart:4:8: Error: Error when reading '/Users/baobui/Documents/Bao/ninja_core/my_awesome_lints/lib/my_awesome_lints.dart': No such file or directory
[custom_lint] 2023-04-19T11:01:36.954471 import 'package:my_awesome_lints/my_awesome_lints.dart' as my_awesome_lints;
[custom_lint] 2023-04-19T11:01:36.954471        ^
[custom_lint] 2023-04-19T11:01:36.954471 lib/custom_lint_client.dart:13:43: Error: Undefined name 'createPlugin'.
[custom_lint] 2023-04-19T11:01:36.954471     {'my_awesome_lints': my_awesome_lints.createPlugin,
[custom_lint] 2023-04-19T11:01:36.954471                                           ^^^^^^^^^^^^
[custom_lint] 2023-04-19T11:01:36.954471
[custom_lint] 2023-04-19T11:01:36.954471
Failed to start pluginsThe request analysis.setContextRoots failed with the following error:
RequestErrorCode.PLUGIN_ERROR
Bad state: Failed to start the plugins.
at:
#0      SocketCustomLintServerToClientChannel._checkInitializationFail.<anonymous closure> (package:custom_lint/src/v2/server_to_client_channel.dart:227:11)
<asynchronous suspension>
#1      Future.any.onValue (dart:async/future.dart:612:5)
<asynchronous suspension>

